Vivado Simulator 2019.1
Time resolution is 1 ps
WARNING: File C:UsersFarboDesktopUni_StuffTerm 2Logic CircuitsProjectLogicCircuits_Project_CPU_CacheLogicCircuits_Project_CPU_Cache.simsim_1behavxsimmemory.list referenced on C:/Users/Farbo/Desktop/Uni_Stuff/Term_2/Logic_Circuits/Project/CPU_Cache_PR/CPU_Cache_PR.srcs/sources_1/imports/new/main.v at line 26 cannot be opened for reading. Please ensure that this file is available in the current working directory.
Stopped at time : 15 ns : File "C:/Users/Farbo/Desktop/Uni_Stuff/Term_2/Logic_Circuits/Project/CPU_Cache_PR/CPU_Cache_PR.srcs/sources_1/imports/new/cache_tb.v" Line 64
Stopped at time : 15 ns : File "C:/Users/Farbo/Desktop/Uni_Stuff/Term_2/Logic_Circuits/Project/CPU_Cache_PR/CPU_Cache_PR.srcs/sources_1/imports/new/cache_tb.v" Line 41
Stopped at time : 15 ns : File "C:/Users/Farbo/Desktop/Uni_Stuff/Term_2/Logic_Circuits/Project/CPU_Cache_PR/CPU_Cache_PR.srcs/sources_1/imports/new/cache_tb.v" Line 42
Stopped at time : 15 ns : File "C:/Users/Farbo/Desktop/Uni_Stuff/Term_2/Logic_Circuits/Project/CPU_Cache_PR/CPU_Cache_PR.srcs/sources_1/imports/new/cache_tb.v" Line 43
Stopped at time : 15 ns : File "C:/Users/Farbo/Desktop/Uni_Stuff/Term_2/Logic_Circuits/Project/CPU_Cache_PR/CPU_Cache_PR.srcs/sources_1/imports/new/cache_tb.v" Line 44
Stopped at time : 15 ns : File "C:/Users/Farbo/Desktop/Uni_Stuff/Term_2/Logic_Circuits/Project/CPU_Cache_PR/CPU_Cache_PR.srcs/sources_1/imports/new/cache_tb.v" Line 45
Stopped at time : 15 ns : File "C:/Users/Farbo/Desktop/Uni_Stuff/Term_2/Logic_Circuits/Project/CPU_Cache_PR/CPU_Cache_PR.srcs/sources_1/imports/new/main.v" Line 45
Stopped at time : 15 ns : File "C:/Users/Farbo/Desktop/Uni_Stuff/Term_2/Logic_Circuits/Project/CPU_Cache_PR/CPU_Cache_PR.srcs/sources_1/imports/new/main.v" Line 54
Stopped at time : 15 ns : File "C:/Users/Farbo/Desktop/Uni_Stuff/Term_2/Logic_Circuits/Project/CPU_Cache_PR/CPU_Cache_PR.srcs/sources_1/imports/new/main.v" Line 57
Stopped at time : 15 ns : File "C:/Users/Farbo/Desktop/Uni_Stuff/Term_2/Logic_Circuits/Project/CPU_Cache_PR/CPU_Cache_PR.srcs/sources_1/imports/new/main.v" Line 59
Stopped at time : 15 ns : File "C:/Users/Farbo/Desktop/Uni_Stuff/Term_2/Logic_Circuits/Project/CPU_Cache_PR/CPU_Cache_PR.srcs/sources_1/imports/new/main.v" Line 29
Stopped at time : 15 ns : File "C:/Users/Farbo/Desktop/Uni_Stuff/Term_2/Logic_Circuits/Project/CPU_Cache_PR/CPU_Cache_PR.srcs/sources_1/imports/new/main.v" Line 32
Stopped at time : 15 ns : File "C:/Users/Farbo/Desktop/Uni_Stuff/Term_2/Logic_Circuits/Project/CPU_Cache_PR/CPU_Cache_PR.srcs/sources_1/imports/new/main.v" Line 66
Stopped at time : 15 ns : File "C:/Users/Farbo/Desktop/Uni_Stuff/Term_2/Logic_Circuits/Project/CPU_Cache_PR/CPU_Cache_PR.srcs/sources_1/imports/new/main.v" Line 67
Stopped at time : 15 ns : File "C:/Users/Farbo/Desktop/Uni_Stuff/Term_2/Logic_Circuits/Project/CPU_Cache_PR/CPU_Cache_PR.srcs/sources_1/imports/new/main.v" Line 43
Stopped at time : 20 ns : File "C:/Users/Farbo/Desktop/Uni_Stuff/Term_2/Logic_Circuits/Project/CPU_Cache_PR/CPU_Cache_PR.srcs/sources_1/imports/new/cache_tb.v" Line 31
Stopped at time : 20 ns : File "C:/Users/Farbo/Desktop/Uni_Stuff/Term_2/Logic_Circuits/Project/CPU_Cache_PR/CPU_Cache_PR.srcs/sources_1/imports/new/cache_tb.v" Line 31
Stopped at time : 20 ns : File "C:/Users/Farbo/Desktop/Uni_Stuff/Term_2/Logic_Circuits/Project/CPU_Cache_PR/CPU_Cache_PR.srcs/sources_1/imports/new/cache_tb.v" Line 31
Stopped at time : 25 ns : File "C:/Users/Farbo/Desktop/Uni_Stuff/Term_2/Logic_Circuits/Project/CPU_Cache_PR/CPU_Cache_PR.srcs/sources_1/imports/new/cache_tb.v" Line 31
Stopped at time : 25 ns : File "C:/Users/Farbo/Desktop/Uni_Stuff/Term_2/Logic_Circuits/Project/CPU_Cache_PR/CPU_Cache_PR.srcs/sources_1/imports/new/cache_tb.v" Line 31
Stopped at time : 25 ns : File "C:/Users/Farbo/Desktop/Uni_Stuff/Term_2/Logic_Circuits/Project/CPU_Cache_PR/CPU_Cache_PR.srcs/sources_1/imports/new/cache_tb.v" Line 31
Stopped at time : 25 ns : File "C:/Users/Farbo/Desktop/Uni_Stuff/Term_2/Logic_Circuits/Project/CPU_Cache_PR/CPU_Cache_PR.srcs/sources_1/impor