#-----------------------------------------------------------
# Vivado v2019.1 (64-bit)
# SW Build 2552052 on Fri May 24 14:49:42 MDT 2019
# IP Build 2548770 on Fri May 24 18:01:18 MDT 2019
# Start of session at: Thu Aug 14 17:23:09 2025
# Process ID: 11388
# Current directory: C:/Users/Farbo/Desktop/Uni Stuff/Term 2/Logic Circuits/Project/LogicCircuits_Project_CPU_Cache
# Command line: vivado.exe -gui_launcher_event rodinguilauncherevent17872 C:\Users\Farbo\Desktop\Uni Stuff\Term 2\Logic Circuits\Project\LogicCircuits_Project_CPU_Cache\project.xpr
# Log file: C:/Users/Farbo/Desktop/Uni Stuff/Term 2/Logic Circuits/Project/LogicCircuits_Project_CPU_Cache/vivado.log
# Journal file: C:/Users/Farbo/Desktop/Uni Stuff/Term 2/Logic Circuits/Project/LogicCircuits_Project_CPU_Cache\vivado.jou
#-----------------------------------------------------------
start_gui
open_project {C:/Users/Farbo/Desktop/Uni Stuff/Term 2/Logic Circuits/Project/LogicCircuits_Project_CPU_Cache/project.xpr}
INFO: [ProjectBase 1-489] The host OS only allows 260 characters in a normal path. The project is stored in a path with more than 80 characters. If you experience issues with IP, Block Designs, or files not being found, please consider moving the project to a location with a shorter path. Alternately consider using the OS subst command to map part of the path to a drive letter.
Current project path is 'C:/Users/Farbo/Desktop/Uni Stuff/Term 2/Logic Circuits/Project/LogicCircuits_Project_CPU_Cache'
WARNING: [Board 49-91] Board repository path '/u/estay/.Xilinx/Vivado/2023.1/xhub/board_store/xilinx_board_store' does not exist, it will not be used to search board files.
INFO: [Project 1-313] Project file moved from 'C:/Users/Farbo/LogicCircuits_Project_CPU_Cache' since last save.
WARNING: [Project 1-312] File not found as 'C:/Users/Farbo/Desktop/Uni Stuff/Term 2/Logic Circuits/Project/LogicCircuits_Project_CPU_Cache/project.srcs/sources_1/new/main.v'; using path 'C:/Users/Farbo/LogicCircuits_Project_CPU_Cache/LogicCircuits_Project_CPU_Cache.srcs/sources_1/new/main.v' instead.
Scanning sources...
Finished scanning sources
WARNING: [filemgmt 56-2] Board Part Repository Path: Could not find the directory 'C:/Users/Farbo/Desktop/Uni Stuff/Term 2/Logic Circuits/Project/AppData/Roaming/Xilinx/Vivado/u/estay/.Xilinx/Vivado/2023.1/xhub/board_store/xilinx_board_store', nor could it be found using path 'C:/Users/Farbo/AppData/Roaming/Xilinx/Vivado/u/estay/.Xilinx/Vivado/2023.1/xhub/board_store/xilinx_board_store'.
INFO: [filemgmt 56-1] IPUserFilesDir: Directory not found as 'C:/Users/Farbo/Desktop/Uni Stuff/Term 2/Logic Circuits/Project/LogicCircuits_Project_CPU_Cache/project.ip_user_files'; using path 'C:/Users/Farbo/LogicCircuits_Project_CPU_Cache/LogicCircuits_Project_CPU_Cache.ip_user_files' instead.
INFO: [IP_Flow 19-234] Refreshing IP repositories
INFO: [IP_Flow 19-1704] No user IP repositories specified
INFO: [IP_Flow 19-2313] Loaded Vivado IP repository 'C:/Xilinx/Vivado/2019.1/data/ip'.
update_compile_order -fileset sources_1
set_property BOARD_PART_REPO_PATHS {C:/Users/Farbo/AppData/Roaming/Xilinx/Vivado/2019.1/xhub/board_store C:/u/estay/.Xilinx/Vivado/2023.1/xhub/board_store/xilinx_board_store} [current_project]
WARNING: [Board 49-91] Board repository path 'C:/Users/Farbo/AppData/Roaming/Xilinx/Vivado/2019.1/xhub/board_store' does not exist, it will not be used to search board files.
WARNING: [Board 49-91] Board repository path 'C:/u/estay/.Xilinx/Vivado/2023.1/xhub/board_store/xilinx_board_store' does not exist, it will not be used to search board files.
WARNING: [Board 49-91] Board repository path '/u/estay/.Xilinx/Vivado/2023.1/xhub/board_store/xilinx_board_store' does not exist, it will not be used to search board files.
set_param board.repoPaths {C:/Users/Farbo/AppData/Roaming/Xilinx/Vivado/2019.1/xhub/board_store C:/u/estay/.Xilinx/Vivado/2023.1/xhub/board_store/xilinx_board_store}
close_project
open_project {C:/Users/Farbo/Desktop/Uni Stuff/Term 2/Logic Circuits/Project/LogicCircuits_Project_CPU_Cache/project.xpr}
INFO: [ProjectBase 1-489] The host OS only allows 260 characters in a normal path. The project is stored in a path with more than 80 characters. If you experience issues with IP, Block Designs, or files not being found, please consider moving the project to a location with a shorter path. Alternately consider using the OS subst command to map part of the path to a drive letter.
Current project path is 'C:/Users/Farbo/Desktop/Uni Stuff/Term 2/Logic Circuits/Project/LogicCircuits_Project_CPU_Cache'
WARNING: [Board 49-91] Board repository path 'C:/Users/Farbo/AppData/Roaming/Xilinx/Vivado/2019.1/xhub/board_store' does not exist, it will not be used to search board files.
WARNING: [Board 49-91] Board repository path 'C:/u/estay/.Xilinx/Vivado/2023.1/xhub/board_store/xilinx_board_store' does not exist, it will not be used to search board files.
WARNING: [Board 49-91] Board repository path 'C:/Users/Farbo/AppData/Roaming/Xilinx/Vivado/2019.1/xhub/board_store' does not exist, it will not be used to search board files.
WARNING: [Board 49-91] Board repository path 'C:/u/estay/.Xilinx/Vivado/2023.1/xhub/board_store/xilinx_board_store' does not exist, it will not be used to search board files.
Scanning sources...
Finished scanning sources
WARNING: [filemgmt 56-3] Board Part Repository Path: Could not find the directory 'C:/Users/Farbo/AppData/Roaming/Xilinx/Vivado/2019.1/xhub/board_store'.
WARNING: [filemgmt 56-3] Board Part Repository Path: Could not find the directory 'C:/u/estay/.Xilinx/Vivado/2023.1/xhub/board_store/xilinx_board_store'.
INFO: [IP_Flow 19-234] Refreshing IP repositories
INFO: [IP_Flow 19-1704] No user IP repositories specified
INFO: [IP_Flow 19-2313] Loaded Vivado IP repository 'C:/Xilinx/Vivado/2019.1/data/ip'.
update_compile_order -fileset sources_1
update_files -from_files {{C:/Users/Farbo/Desktop/Uni Stuff/Term 2/Logic Circuits/Project/LogicCircuits_Project_CPU_Cache/LogicCircuits_Project_CPU_Cache.srcs/sources_1/new/main.v}} -to_files C:/Users/Farbo/LogicCircuits_Project_CPU_Cache/LogicCircuits_Project_CPU_Cache.srcs/sources_1/new/main.v -filesets [get_filesets *]
INFO: [filemgmt 20-762] Replacing file 'C:/Users/Farbo/LogicCircuits_Project_CPU_Cache/LogicCircuits_Project_CPU_Cache.srcs/sources_1/new/main.v' with file 'C:/Users/Farbo/Desktop/Uni Stuff/Term 2/Logic Circuits/Project/LogicCircuits_Project_CPU_Cache/LogicCircuits_Project_CPU_Cache.srcs/sources_1/new/main.v'.
exit
INFO: [Common 17-206] Exiting Vivado at Thu Aug 14 17:30:21 2025...
